Unity Editor version:    2020.3.19f1 (68f137dc9bbe)
Branch:                  2020.3/staging
Build type:              Release
Batch mode:              YES
macOS version:           Version 10.15.7 (Build 19H1323)
Darwin version:          19.6.0
Architecture:            x86_64
Running under Rosetta:   NO
Available memory:        65536 MB
Using pre-set license
Pro License: NO

COMMAND LINE ARGUMENTS:
/Applications/Unity/Hub/Editor/2020.3.19f1/Unity.app/Contents/MacOS/Unity
-adb2
-batchMode
-noUpm
-name
AssetImportWorker0
-projectPath
/Users/nyuad/Documents/GitHub/HiiiInteractionLab/MAZEJAS
-logFile
Logs/AssetImportWorker0.log
-srvPort
50973
Successfully changed project path to: /Users/nyuad/Documents/GitHub/HiiiInteractionLab/MAZEJAS
/Users/nyuad/Documents/GitHub/HiiiInteractionLab/MAZEJAS
Using Asset Import Pipeline V2.
Refreshing native plugins compatible for Editor in 58.30 ms, found 3 plugins.
Preloading 1 native plugins for Editor in 10.88 ms.
Initialize engine version: 2020.3.19f1 (68f137dc9bbe)
[Subsystems] Discovering subsystems at path /Applications/Unity/Hub/Editor/2020.3.19f1/Unity.app/Contents/Resources/UnitySubsystems
[Subsystems] Discovering subsystems at path /Users/nyuad/Documents/GitHub/HiiiInteractionLab/MAZEJAS/Assets
GfxDevice: creating device client; threaded=0
2021-09-27 14:01:25.729 Unity[22794:116526] iMac preferred device: AMD Radeon Pro Vega 64 (high power)
2021-09-27 14:01:25.729 Unity[22794:116526] Metal devices available: 1
2021-09-27 14:01:25.729 Unity[22794:116526] 0: AMD Radeon Pro Vega 64 (high power)
2021-09-27 14:01:25.730 Unity[22794:116526] Using device AMD Radeon Pro Vega 64 (high power)
Initializing Metal device caps: AMD Radeon Pro Vega 64
Initialize mono
Mono path[0] = '/Applications/Unity/Hub/Editor/2020.3.19f1/Unity.app/Contents/Managed'
Mono path[1] = '/Applications/Unity/Hub/Editor/2020.3.19f1/Unity.app/Contents/MonoBleedingEdge/lib/mono/unityjit'
Mono config path = '/Applications/Unity/Hub/Editor/2020.3.19f1/Unity.app/Contents/MonoBleedingEdge/etc'
Using monoOptions --debugger-agent=transport=dt_socket,embedding=1,server=y,suspend=n,address=127.0.0.1:56794
Begin MonoManager ReloadAssembly
Registering precompiled unity dll's ...
Register platform support module: /Applications/Unity/Hub/Editor/2020.3.19f1/Unity.app/Contents/PlaybackEngines/MacStandaloneSupport/UnityEditor.OSXStandalone.Extensions.dll
Registered in 0.000612 seconds.
Native extension for OSXStandalone target not found
Refreshing native plugins compatible for Editor in 51.61 ms, found 3 plugins.
Preloading 1 native plugins for Editor in 0.41 ms.
Mono: successfully reloaded assembly
- Completed reload, in  2.434 seconds
Domain Reload Profiling:
	ReloadAssembly (2434ms)
		BeginReloadAssembly (48ms)
			ExecutionOrderSort (0ms)
			DisableScriptedObjects (0ms)
			BackupInstance (0ms)
			ReleaseScriptingObjects (0ms)
			CreateAndSetChildDomain (1ms)
		EndReloadAssembly (444ms)
			LoadAssemblies (47ms)
			RebuildTransferFunctionScriptingTraits (0ms)
			SetupTypeCache (172ms)
			ReleaseScriptCaches (0ms)
			RebuildScriptCaches (35ms)
			SetupLoadedEditorAssemblies (189ms)
				LogAssemblyErrors (0ms)
				InitializePlatformSupportModulesInManaged (3ms)
				SetLoadedEditorAssemblies (0ms)
				RefreshPlugins (52ms)
				BeforeProcessingInitializeOnLoad (7ms)
				ProcessInitializeOnLoadAttributes (96ms)
				ProcessInitializeOnLoadMethodAttributes (30ms)
				AfterProcessingInitializeOnLoad (0ms)
				EditorAssembliesLoaded (0ms)
			ExecutionOrderSort2 (0ms)
			AwakeInstancesAfterBackupRestoration (0ms)
Platform modules already initialized, skipping
Registering precompiled user dll's ...
Registered in 0.003458 seconds.
Begin MonoManager ReloadAssembly
Native extension for OSXStandalone target not found
Refreshing native plugins compatible for Editor in 53.26 ms, found 3 plugins.
Preloading 1 native plugins for Editor in 0.41 ms.
Mono: successfully reloaded assembly
- Completed reload, in  1.286 seconds
Domain Reload Profiling:
	ReloadAssembly (1287ms)
		BeginReloadAssembly (161ms)
			ExecutionOrderSort (0ms)
			DisableScriptedObjects (4ms)
			BackupInstance (0ms)
			ReleaseScriptingObjects (0ms)
			CreateAndSetChildDomain (34ms)
		EndReloadAssembly (1065ms)
			LoadAssemblies (87ms)
			RebuildTransferFunctionScriptingTraits (0ms)
			SetupTypeCache (376ms)
			ReleaseScriptCaches (1ms)
			RebuildScriptCaches (64ms)
			SetupLoadedEditorAssemblies (417ms)
				LogAssemblyErrors (0ms)
				InitializePlatformSupportModulesInManaged (3ms)
				SetLoadedEditorAssemblies (0ms)
				RefreshPlugins (54ms)
				BeforeProcessingInitializeOnLoad (74ms)
				ProcessInitializeOnLoadAttributes (280ms)
				ProcessInitializeOnLoadMethodAttributes (4ms)
				AfterProcessingInitializeOnLoad (1ms)
				EditorAssembliesLoaded (0ms)
			ExecutionOrderSort2 (0ms)
			AwakeInstancesAfterBackupRestoration (6ms)
Platform modules already initialized, skipping
Validating Project structure ... 0.000764 seconds.
Shader import version has changed; will reimport all shaders...
Upgrading shader files ...0.000946 seconds.
Application.AssetDatabase Initial Script Refresh Start
RefreshInfo: InitialScriptRefreshV2(NoUpdateAssetOptions) scanfilter:  ... 1 filters
RefreshProfiler: Total: 0.000ms
Application.AssetDatabase Initial Script Refresh End
Application.AssetDatabase.Refresh Start
Application.AssetDatabase.Refresh End
RefreshInfo: StopAssetImportingV2(ForceSynchronousImport) scanfilter: 
RefreshProfiler: Total: 0.000ms
Launching external process: /Applications/Unity/Hub/Editor/2020.3.19f1/Unity.app/Contents/Tools/UnityShaderCompiler
Launched and connected shader compiler UnityShaderCompiler after 0.01 seconds
Initializing Unity extensions:
========================================================================
Worker process is ready to serve import requests
Refreshing native plugins compatible for Editor in 0.79 ms, found 3 plugins.
Preloading 1 native plugins for Editor in 0.44 ms.
Unloading 3612 Unused Serialized files (Serialized files now loaded: 0)
System memory in use before: 282.5 MB.
System memory in use after: 282.3 MB.

Unloading 172 unused Assets to reduce memory usage. Loaded Objects now: 4087.
Total: 5.054069 ms (FindLiveObjects: 0.478464 ms CreateObjectMapping: 0.212734 ms MarkObjects: 4.077199 ms  DeleteObjects: 0.284892 ms)

AssetImportParameters requested are different than current active one (requested -> active):
  custom:video-decoder-ogg-theora: a1e56fd34408186e4bbccfd4996cb3dc -> 
  custom:container-muxer-webm: aa71ff27fc2769a1b78a27578f13a17b -> 
  custom:container-demuxer-webm: 4f35f7cbe854078d1ac9338744f61a02 -> 
  custom:container-demuxer-ogg: 62fdf1f143b41e24485cea50d1cbac27 -> 
  custom:video-encoder-webm-vp8: eb34c28f22e8b96e1ab97ce403110664 -> 
  custom:framework-osx-AVFoundation: b23960f63f64bdc6ff669e2cdcee2391 -> 
  custom:video-decoder-webm-vp8: 9c59270c3fd7afecdb556c50c9e8de78 -> 
  custom:audio-decoder-ogg-vorbis: bf7c407c2cedff20999df2af8eb42d56 -> 
  custom:audio-encoder-webm-vorbis: bf7c407c2cedff20999df2af8eb42d56 -> 
========================================================================
Received Import Request.
  path: Assets/Scenes/SampleScene.unity
  artifactKey: Guid(9fc0d4010bbf28b4594072e72b8655ab) Importer(815301076,1909f56bfc062723c751e8b465ee728b)
Start importing Assets/Scenes/SampleScene.unity using Guid(9fc0d4010bbf28b4594072e72b8655ab) Importer(815301076,1909f56bfc062723c751e8b465ee728b)  -> (artifact id: '1d82b774a08a0dce7936d9be2860137e') in 0.012085 seconds 
  Import took 0.017396 seconds .

========================================================================
Received Import Request.
  Time since last request: 210.794882 seconds.
  path: Assets/Materials/Maze
  artifactKey: Guid(03876279307d74b40afc08766d88c3e6) Importer(815301076,1909f56bfc062723c751e8b465ee728b)
Start importing Assets/Materials/Maze using Guid(03876279307d74b40afc08766d88c3e6) Importer(815301076,1909f56bfc062723c751e8b465ee728b)  -> (artifact id: 'bca49ae38216d16b523857fa89c406d3') in 0.001200 seconds 
  Import took 0.007651 seconds .

========================================================================
Received Import Request.
  Time since last request: 0.076311 seconds.
  path: Assets/Materials/Maze/Maze.mat
  artifactKey: Guid(ff639a11cfcd249be8c9f15e69008ccc) Importer(815301076,1909f56bfc062723c751e8b465ee728b)
Start importing Assets/Materials/Maze/Maze.mat using Guid(ff639a11cfcd249be8c9f15e69008ccc) Importer(815301076,1909f56bfc062723c751e8b465ee728b)  -> (artifact id: '5ab0a7002edaa5c3f81c66aef96a4358') in 0.818299 seconds 
  Import took 0.824734 seconds .

========================================================================
Received Import Request.
  Time since last request: 0.002978 seconds.
  path: Assets/Materials/Maze/Screen Shot 1443-02-18 at 8.25.05 PM.png
  artifactKey: Guid(f77fa7adcabc541d09ea4165c0effd54) Importer(815301076,1909f56bfc062723c751e8b465ee728b)
Start importing Assets/Materials/Maze/Screen Shot 1443-02-18 at 8.25.05 PM.png using Guid(f77fa7adcabc541d09ea4165c0effd54) Importer(815301076,1909f56bfc062723c751e8b465ee728b)  -> (artifact id: 'f826ad076dbbc19aa2e4b5a9d2ab6cf5') in 0.303865 seconds 
  Import took 0.309850 seconds .

========================================================================
Received Import Request.
  Time since last request: 298.744724 seconds.
  path: ProjectSettings/TagManager.asset
  artifactKey: Guid(00000000000000003000000000000000) Importer(815301076,1909f56bfc062723c751e8b465ee728b)
Start importing ProjectSettings/TagManager.asset using Guid(00000000000000003000000000000000) Importer(815301076,1909f56bfc062723c751e8b465ee728b)  -> (artifact id: 'beca12e0603a58790d3089fd5473577e') in 0.204879 seconds 
  Import took 0.211092 seconds .

========================================================================
Received Import Request.
  Time since last request: 2978.597645 seconds.
  path: Assets/Prefabs
  artifactKey: Guid(1a9f8c8b0d2414bfca50a494a92d0017) Importer(815301076,1909f56bfc062723c751e8b465ee728b)
Start importing Assets/Prefabs using Guid(1a9f8c8b0d2414bfca50a494a92d0017) Importer(815301076,1909f56bfc062723c751e8b465ee728b)  -> (artifact id: '7e2fca769bdbe83c2941cb6885d87518') in 0.001988 seconds 
  Import took 0.008338 seconds .

========================================================================
Received Import Request.
  Time since last request: 121.514652 seconds.
  path: Assets/Materials/color.mat
  artifactKey: Guid(a96caff03c0e941c9ba938ad5525afdd) Importer(815301076,1909f56bfc062723c751e8b465ee728b)
Start importing Assets/Materials/color.mat using Guid(a96caff03c0e941c9ba938ad5525afdd) Importer(815301076,1909f56bfc062723c751e8b465ee728b)  -> (artifact id: 'a38129b05834f02ed25f20e93e704b74') in 0.012036 seconds 
  Import took 0.018377 seconds .

========================================================================
Received Import Request.
  Time since last request: 122.996625 seconds.
  path: Assets/Materials/Redicle.mat
  artifactKey: Guid(a96caff03c0e941c9ba938ad5525afdd) Importer(815301076,1909f56bfc062723c751e8b465ee728b)
Start importing Assets/Materials/Redicle.mat using Guid(a96caff03c0e941c9ba938ad5525afdd) Importer(815301076,1909f56bfc062723c751e8b465ee728b)  -> (artifact id: 'ea4bf3c380a98d723b5a9a78ece01c61') in 0.011105 seconds 
  Import took 0.017543 seconds .

========================================================================
Received Import Request.
  Time since last request: 583.014394 seconds.
  path: Assets/Prefabs/Redicle.mat
  artifactKey: Guid(a96caff03c0e941c9ba938ad5525afdd) Importer(815301076,1909f56bfc062723c751e8b465ee728b)
Start importing Assets/Prefabs/Redicle.mat using Guid(a96caff03c0e941c9ba938ad5525afdd) Importer(815301076,1909f56bfc062723c751e8b465ee728b)  -> (artifact id: '6c1dbd19ffe1084a7ca827f14b8f499a') in 0.010320 seconds 
  Import took 0.016649 seconds .

========================================================================
Received Import Request.
  Time since last request: 35.910530 seconds.
  path: Assets/Prefabs/Reticle.prefab
  artifactKey: Guid(857aef2be9d1e4a5c85b04e609dfad18) Importer(815301076,1909f56bfc062723c751e8b465ee728b)
Start importing Assets/Prefabs/Reticle.prefab using Guid(857aef2be9d1e4a5c85b04e609dfad18) Importer(815301076,1909f56bfc062723c751e8b465ee728b)  -> (artifact id: '2223a6f8c12c9b31ce1236853cf3ce1c') in 0.208167 seconds 
  Import took 0.214372 seconds .

========================================================================
Received Import Request.
  Time since last request: 24.450314 seconds.
  path: Assets/Prefabs/Circle Visual.prefab
  artifactKey: Guid(45e0d93a51b2c492ba5f09a89be54a41) Importer(815301076,1909f56bfc062723c751e8b465ee728b)
Start importing Assets/Prefabs/Circle Visual.prefab using Guid(45e0d93a51b2c492ba5f09a89be54a41) Importer(815301076,1909f56bfc062723c751e8b465ee728b)  -> (artifact id: '0f31ccbf5ccb11f4410e793d2a99af39') in 0.044810 seconds 
  Import took 0.051179 seconds .

========================================================================
Received Import Request.
  Time since last request: 251.736510 seconds.
  path: ProjectSettings/TagManager.asset
  artifactKey: Guid(00000000000000003000000000000000) Importer(815301076,1909f56bfc062723c751e8b465ee728b)
Start importing ProjectSettings/TagManager.asset using Guid(00000000000000003000000000000000) Importer(815301076,1909f56bfc062723c751e8b465ee728b)  -> (artifact id: '288c67973462853d531977beffecfa6f') in 0.003818 seconds 
  Import took 0.010330 seconds .

========================================================================
Received Import Request.
  Time since last request: 970.743332 seconds.
  path: Assets/Prefabs/Circle Visual.prefab
  artifactKey: Guid(45e0d93a51b2c492ba5f09a89be54a41) Importer(815301076,1909f56bfc062723c751e8b465ee728b)
Start importing Assets/Prefabs/Circle Visual.prefab using Guid(45e0d93a51b2c492ba5f09a89be54a41) Importer(815301076,1909f56bfc062723c751e8b465ee728b)  -> (artifact id: '61cff953647ef6b16efabd5c3bdfa04f') in 0.012151 seconds 
  Import took 0.019179 seconds .

========================================================================
Received Import Request.
  Time since last request: 2.001248 seconds.
  path: Assets/Prefabs/Circle Visual.prefab
  artifactKey: Guid(45e0d93a51b2c492ba5f09a89be54a41) Importer(815301076,1909f56bfc062723c751e8b465ee728b)
Start importing Assets/Prefabs/Circle Visual.prefab using Guid(45e0d93a51b2c492ba5f09a89be54a41) Importer(815301076,1909f56bfc062723c751e8b465ee728b)  -> (artifact id: '989ca2f3650d9558e21158686486baa4') in 0.011354 seconds 
  Import took 0.018651 seconds .

========================================================================
Received Import Request.
  Time since last request: 115.559999 seconds.
  path: Assets/Prefabs/Circle Visual.prefab
  artifactKey: Guid(45e0d93a51b2c492ba5f09a89be54a41) Importer(815301076,1909f56bfc062723c751e8b465ee728b)
Start importing Assets/Prefabs/Circle Visual.prefab using Guid(45e0d93a51b2c492ba5f09a89be54a41) Importer(815301076,1909f56bfc062723c751e8b465ee728b)  -> (artifact id: '4cff98053adb2ce99e9e9430097b3781') in 0.011545 seconds 
  Import took 0.018000 seconds .

